[0m17:11:18.709775 [debug] [MainThread]: Sending event: {'category': 'dbt', 'action': 'invocation', 'label': 'start', 'context': [<snowplow_tracker.self_describing_json.SelfDescribingJson object at 0x1061f8b50>, <snowplow_tracker.self_describing_json.SelfDescribingJson object at 0x106214e10>, <snowplow_tracker.self_describing_json.SelfDescribingJson object at 0x106225210>]}


============================== 17:11:18.712149 | 998c8d30-3868-4ff4-888f-4b270048cc79 ==============================
[0m17:11:18.712149 [info ] [MainThread]: Running with dbt=1.8.2
[0m17:11:18.712445 [debug] [MainThread]: running dbt with arguments {'printer_width': '80', 'indirect_selection': 'eager', 'log_cache_events': 'False', 'write_json': 'True', 'partial_parse': 'True', 'cache_selected_only': 'False', 'warn_error': 'None', 'fail_fast': 'False', 'profiles_dir': '/Users/badreeshshetty/.dbt', 'log_path': 'logs', 'version_check': 'True', 'debug': 'False', 'use_colors': 'True', 'use_experimental_parser': 'False', 'no_print': 'None', 'quiet': 'False', 'warn_error_options': 'WarnErrorOptions(include=[], exclude=[])', 'introspect': 'True', 'invocation_command': 'dbt init', 'static_parser': 'True', 'target_path': 'None', 'log_format': 'default', 'send_anonymous_usage_stats': 'True'}
[0m17:12:06.559023 [debug] [MainThread]: Starter project path: /Library/Frameworks/Python.framework/Versions/3.11/lib/python3.11/site-packages/dbt/include/starter_project
[0m17:12:06.572091 [info ] [MainThread]: 
Your new dbt project "stadiums_dbt" was created!

For more information on how to configure the profiles.yml file,
please consult the dbt documentation here:

  https://docs.getdbt.com/docs/configure-your-profile

One more thing:

Need help? Don't hesitate to reach out to us via GitHub issues or on Slack:

  https://community.getdbt.com/

Happy modeling!

[0m17:12:06.572708 [info ] [MainThread]: Setting up your profile.
[0m17:15:03.978367 [info ] [MainThread]: Profile stadiums_dbt written to /Users/badreeshshetty/.dbt/profiles.yml using target's profile_template.yml and your supplied values. Run 'dbt debug' to validate the connection.
[0m17:15:04.025912 [debug] [MainThread]: Resource report: {"command_name": "init", "command_success": true, "command_wall_clock_time": 225.307, "process_user_time": 2.317095, "process_kernel_time": 0.993106, "process_mem_max_rss": "168099840", "process_in_blocks": "0", "process_out_blocks": "0"}
[0m17:15:04.027035 [debug] [MainThread]: Command `dbt init` succeeded at 17:15:04.026837 after 225.31 seconds
[0m17:15:04.027770 [debug] [MainThread]: Sending event: {'category': 'dbt', 'action': 'invocation', 'label': 'end', 'context': [<snowplow_tracker.self_describing_json.SelfDescribingJson object at 0x106245590>, <snowplow_tracker.self_describing_json.SelfDescribingJson object at 0x102188510>, <snowplow_tracker.self_describing_json.SelfDescribingJson object at 0x1022c5790>]}
[0m17:15:04.028358 [debug] [MainThread]: Flushing usage events
